<?xml version="1.0" encoding="UTF-8"?>
<checkstyle version="9.3">
<file name="C:\Users\chicharles\Documents\GitHub\ClearTrip\src\main\java\org\clearTrip\com\TestBooking\BasePage.java">
<error line="1" severity="error" message="Expected line ending for file is LF(\n), but CRLF(\r\n) is detected." source="com.puppycrawl.tools.checkstyle.checks.NewlineAtEndOfFileCheck"/>
<error line="1" column="9" severity="error" message="Name &apos;org.clearTrip.com.TestBooking&apos; must match pattern &apos;^[a-z]+(\.[a-z][a-z0-9]*)*$&apos;." source="com.puppycrawl.tools.checkstyle.checks.naming.PackageNameCheck"/>
<error line="8" column="8" severity="error" message="Unused import - java.util.concurrent.TimeUnit." source="com.puppycrawl.tools.checkstyle.checks.imports.UnusedImportsCheck"/>
<error line="26" column="1" severity="error" message="File contains tab characters (this is the first instance)." source="com.puppycrawl.tools.checkstyle.checks.whitespace.FileTabCharacterCheck"/>
<error line="134" column="45" severity="error" message="Unnecessary parentheses around assignment right-hand side." source="com.puppycrawl.tools.checkstyle.checks.coding.UnnecessaryParenthesesCheck"/>
</file>
<file name="C:\Users\chicharles\Documents\GitHub\ClearTrip\src\main\java\org\clearTrip\com\TestBooking\Constants.java">
<error line="1" severity="error" message="Expected line ending for file is LF(\n), but CRLF(\r\n) is detected." source="com.puppycrawl.tools.checkstyle.checks.NewlineAtEndOfFileCheck"/>
<error line="1" column="9" severity="error" message="Name &apos;org.clearTrip.com.TestBooking&apos; must match pattern &apos;^[a-z]+(\.[a-z][a-z0-9]*)*$&apos;." source="com.puppycrawl.tools.checkstyle.checks.naming.PackageNameCheck"/>
<error line="5" column="1" severity="error" message="File contains tab characters (this is the first instance)." source="com.puppycrawl.tools.checkstyle.checks.whitespace.FileTabCharacterCheck"/>
</file>
<file name="C:\Users\chicharles\Documents\GitHub\ClearTrip\src\main\java\org\clearTrip\com\TestBooking\HomeBookingPage.java">
<error line="1" severity="error" message="Expected line ending for file is LF(\n), but CRLF(\r\n) is detected." source="com.puppycrawl.tools.checkstyle.checks.NewlineAtEndOfFileCheck"/>
<error line="1" column="9" severity="error" message="Name &apos;org.clearTrip.com.TestBooking&apos; must match pattern &apos;^[a-z]+(\.[a-z][a-z0-9]*)*$&apos;." source="com.puppycrawl.tools.checkstyle.checks.naming.PackageNameCheck"/>
<error line="18" column="1" severity="error" message="File contains tab characters (this is the first instance)." source="com.puppycrawl.tools.checkstyle.checks.whitespace.FileTabCharacterCheck"/>
</file>
<file name="C:\Users\chicharles\Documents\GitHub\ClearTrip\src\main\java\org\clearTrip\com\TestBooking\TripHomePage.java">
<error line="1" severity="error" message="Expected line ending for file is LF(\n), but CRLF(\r\n) is detected." source="com.puppycrawl.tools.checkstyle.checks.NewlineAtEndOfFileCheck"/>
<error line="1" column="9" severity="error" message="Name &apos;org.clearTrip.com.TestBooking&apos; must match pattern &apos;^[a-z]+(\.[a-z][a-z0-9]*)*$&apos;." source="com.puppycrawl.tools.checkstyle.checks.naming.PackageNameCheck"/>
<error line="12" column="8" severity="error" message="Unused import - org.openqa.selenium.support.ui.Select." source="com.puppycrawl.tools.checkstyle.checks.imports.UnusedImportsCheck"/>
<error line="19" column="1" severity="error" message="File contains tab characters (this is the first instance)." source="com.puppycrawl.tools.checkstyle.checks.whitespace.FileTabCharacterCheck"/>
</file>
<file name="C:\Users\chicharles\Documents\GitHub\ClearTrip\src\main\java\utils\extentreports\ExtentManager.java">
<error line="1" severity="error" message="File does not end with a newline." source="com.puppycrawl.tools.checkstyle.checks.NewlineAtEndOfFileCheck"/>
<error line="7" column="1" severity="error" message="File contains tab characters (this is the first instance)." source="com.puppycrawl.tools.checkstyle.checks.whitespace.FileTabCharacterCheck"/>
<error line="9" column="23" severity="error" message="&apos;static&apos; modifier out of order with the JLS suggestions." source="com.puppycrawl.tools.checkstyle.checks.modifier.ModifierOrderCheck"/>
</file>
<file name="C:\Users\chicharles\Documents\GitHub\ClearTrip\src\main\java\utils\extentreports\ExtentTestManager.java">
<error line="1" severity="error" message="File does not end with a newline." source="com.puppycrawl.tools.checkstyle.checks.NewlineAtEndOfFileCheck"/>
<error line="16" column="1" severity="error" message="File contains tab characters (this is the first instance)." source="com.puppycrawl.tools.checkstyle.checks.whitespace.FileTabCharacterCheck"/>
</file>
<file name="C:\Users\chicharles\Documents\GitHub\ClearTrip\src\main\java\utils\listeners\AnnotationTransformer.java">
<error line="1" severity="error" message="File does not end with a newline." source="com.puppycrawl.tools.checkstyle.checks.NewlineAtEndOfFileCheck"/>
<error line="9" column="1" severity="error" message="File contains tab characters (this is the first instance)." source="com.puppycrawl.tools.checkstyle.checks.whitespace.FileTabCharacterCheck"/>
</file>
<file name="C:\Users\chicharles\Documents\GitHub\ClearTrip\src\main\java\utils\listeners\Retry.java">
<error line="1" severity="error" message="File does not end with a newline." source="com.puppycrawl.tools.checkstyle.checks.NewlineAtEndOfFileCheck"/>
<error line="3" column="15" severity="error" message="Unused import - utils.extentreports.ExtentTestManager.getTest." source="com.puppycrawl.tools.checkstyle.checks.imports.UnusedImportsCheck"/>
<error line="5" column="8" severity="error" message="Unused import - com.aventstack.extentreports.Status." source="com.puppycrawl.tools.checkstyle.checks.imports.UnusedImportsCheck"/>
<error line="8" column="8" severity="error" message="Unused import - org.openqa.selenium.OutputType." source="com.puppycrawl.tools.checkstyle.checks.imports.UnusedImportsCheck"/>
<error line="9" column="8" severity="error" message="Unused import - org.openqa.selenium.TakesScreenshot." source="com.puppycrawl.tools.checkstyle.checks.imports.UnusedImportsCheck"/>
<error line="10" column="8" severity="error" message="Unused import - org.openqa.selenium.WebDriver." source="com.puppycrawl.tools.checkstyle.checks.imports.UnusedImportsCheck"/>
<error line="16" column="1" severity="error" message="File contains tab characters (this is the first instance)." source="com.puppycrawl.tools.checkstyle.checks.whitespace.FileTabCharacterCheck"/>
</file>
<file name="C:\Users\chicharles\Documents\GitHub\ClearTrip\src\main\java\utils\listeners\TestListener.java">
<error line="1" severity="error" message="File does not end with a newline." source="com.puppycrawl.tools.checkstyle.checks.NewlineAtEndOfFileCheck"/>
<error line="3" column="15" severity="error" message="Unused import - utils.extentreports.ExtentTestManager.getTest." source="com.puppycrawl.tools.checkstyle.checks.imports.UnusedImportsCheck"/>
<error line="5" column="8" severity="error" message="Unused import - com.aventstack.extentreports.Status." source="com.puppycrawl.tools.checkstyle.checks.imports.UnusedImportsCheck"/>
<error line="6" column="8" severity="error" message="Unused import - java.util.Objects." source="com.puppycrawl.tools.checkstyle.checks.imports.UnusedImportsCheck"/>
<error line="9" column="8" severity="error" message="Unused import - org.openqa.selenium.OutputType." source="com.puppycrawl.tools.checkstyle.checks.imports.UnusedImportsCheck"/>
<error line="10" column="8" severity="error" message="Unused import - org.openqa.selenium.TakesScreenshot." source="com.puppycrawl.tools.checkstyle.checks.imports.UnusedImportsCheck"/>
<error line="11" column="8" severity="error" message="Unused import - org.openqa.selenium.WebDriver." source="com.puppycrawl.tools.checkstyle.checks.imports.UnusedImportsCheck"/>
<error line="20" column="1" severity="error" message="File contains tab characters (this is the first instance)." source="com.puppycrawl.tools.checkstyle.checks.whitespace.FileTabCharacterCheck"/>
</file>
<file name="C:\Users\chicharles\Documents\GitHub\ClearTrip\src\main\java\utils\logs\JSErrorLogs_1.java">
<error line="1" severity="error" message="File does not end with a newline." source="com.puppycrawl.tools.checkstyle.checks.NewlineAtEndOfFileCheck"/>
<error line="8" column="5" severity="error" message="&apos;method def modifier&apos; has incorrect indentation level 4, expected level should be 2." source="com.puppycrawl.tools.checkstyle.checks.indentation.IndentationCheck"/>
<error line="9" column="9" severity="error" message="&apos;method def&apos; child has incorrect indentation level 8, expected level should be 4." source="com.puppycrawl.tools.checkstyle.checks.indentation.IndentationCheck"/>
<error line="10" column="5" severity="error" message="&apos;method def rcurly&apos; has incorrect indentation level 4, expected level should be 2." source="com.puppycrawl.tools.checkstyle.checks.indentation.IndentationCheck"/>
<error line="12" column="5" severity="error" message="&apos;method def modifier&apos; has incorrect indentation level 4, expected level should be 2." source="com.puppycrawl.tools.checkstyle.checks.indentation.IndentationCheck"/>
<error line="13" column="9" severity="error" message="&apos;method def&apos; child has incorrect indentation level 8, expected level should be 4." source="com.puppycrawl.tools.checkstyle.checks.indentation.IndentationCheck"/>
<error line="14" column="9" severity="error" message="&apos;method def&apos; child has incorrect indentation level 8, expected level should be 4." source="com.puppycrawl.tools.checkstyle.checks.indentation.IndentationCheck"/>
<error line="16" column="5" severity="error" message="&apos;method def rcurly&apos; has incorrect indentation level 4, expected level should be 2." source="com.puppycrawl.tools.checkstyle.checks.indentation.IndentationCheck"/>
</file>
<file name="C:\Users\chicharles\Documents\GitHub\ClearTrip\src\main\java\utils\logs\Log_1.java">
<error line="1" severity="error" message="File does not end with a newline." source="com.puppycrawl.tools.checkstyle.checks.NewlineAtEndOfFileCheck"/>
<error line="8" column="5" severity="error" message="&apos;member def modifier&apos; has incorrect indentation level 4, expected level should be 2." source="com.puppycrawl.tools.checkstyle.checks.indentation.IndentationCheck"/>
<error line="11" column="5" severity="error" message="&apos;method def modifier&apos; has incorrect indentation level 4, expected level should be 2." source="com.puppycrawl.tools.checkstyle.checks.indentation.IndentationCheck"/>
<error line="11" column="29" severity="error" message="&apos;(&apos; is preceded with whitespace." source="com.puppycrawl.tools.checkstyle.checks.whitespace.MethodParamPadCheck"/>
<error line="12" column="9" severity="error" message="&apos;method def&apos; child has incorrect indentation level 8, expected level should be 4." source="com.puppycrawl.tools.checkstyle.checks.indentation.IndentationCheck"/>
<error line="13" column="5" severity="error" message="&apos;method def rcurly&apos; has incorrect indentation level 4, expected level should be 2." source="com.puppycrawl.tools.checkstyle.checks.indentation.IndentationCheck"/>
<error line="16" column="5" severity="error" message="&apos;method def modifier&apos; has incorrect indentation level 4, expected level should be 2." source="com.puppycrawl.tools.checkstyle.checks.indentation.IndentationCheck"/>
<error line="16" column="29" severity="error" message="&apos;(&apos; is preceded with whitespace." source="com.puppycrawl.tools.checkstyle.checks.whitespace.MethodParamPadCheck"/>
<error line="17" column="9" severity="error" message="&apos;method def&apos; child has incorrect indentation level 8, expected level should be 4." source="com.puppycrawl.tools.checkstyle.checks.indentation.IndentationCheck"/>
<error line="18" column="5" severity="error" message="&apos;method def rcurly&apos; has incorrect indentation level 4, expected level should be 2." source="com.puppycrawl.tools.checkstyle.checks.indentation.IndentationCheck"/>
<error line="21" column="5" severity="error" message="&apos;method def modifier&apos; has incorrect indentation level 4, expected level should be 2." source="com.puppycrawl.tools.checkstyle.checks.indentation.IndentationCheck"/>
<error line="21" column="30" severity="error" message="&apos;(&apos; is preceded with whitespace." source="com.puppycrawl.tools.checkstyle.checks.whitespace.MethodParamPadCheck"/>
<error line="22" column="9" severity="error" message="&apos;method def&apos; child has incorrect indentation level 8, expected level should be 4." source="com.puppycrawl.tools.checkstyle.checks.indentation.IndentationCheck"/>
<error line="23" column="5" severity="error" message="&apos;method def rcurly&apos; has incorrect indentation level 4, expected level should be 2." source="com.puppycrawl.tools.checkstyle.checks.indentation.IndentationCheck"/>
<error line="26" column="5" severity="error" message="&apos;method def modifier&apos; has incorrect indentation level 4, expected level should be 2." source="com.puppycrawl.tools.checkstyle.checks.indentation.IndentationCheck"/>
<error line="26" column="30" severity="error" message="&apos;(&apos; is preceded with whitespace." source="com.puppycrawl.tools.checkstyle.checks.whitespace.MethodParamPadCheck"/>
<error line="27" column="9" severity="error" message="&apos;method def&apos; child has incorrect indentation level 8, expected level should be 4." source="com.puppycrawl.tools.checkstyle.checks.indentation.IndentationCheck"/>
<error line="28" column="5" severity="error" message="&apos;method def rcurly&apos; has incorrect indentation level 4, expected level should be 2." source="com.puppycrawl.tools.checkstyle.checks.indentation.IndentationCheck"/>
<error line="31" column="5" severity="error" message="&apos;method def modifier&apos; has incorrect indentation level 4, expected level should be 2." source="com.puppycrawl.tools.checkstyle.checks.indentation.IndentationCheck"/>
<error line="31" column="30" severity="error" message="&apos;(&apos; is preceded with whitespace." source="com.puppycrawl.tools.checkstyle.checks.whitespace.MethodParamPadCheck"/>
<error line="32" column="9" severity="error" message="&apos;method def&apos; child has incorrect indentation level 8, expected level should be 4." source="com.puppycrawl.tools.checkstyle.checks.indentation.IndentationCheck"/>
<error line="33" column="5" severity="error" message="&apos;method def rcurly&apos; has incorrect indentation level 4, expected level should be 2." source="com.puppycrawl.tools.checkstyle.checks.indentation.IndentationCheck"/>
</file>
<file name="C:\Users\chicharles\Documents\GitHub\ClearTrip\src\test\java\org\clearTrip\com\TestBooking\checkNetowkSpeed.java">
<error line="1" severity="error" message="Expected line ending for file is LF(\n), but CRLF(\r\n) is detected." source="com.puppycrawl.tools.checkstyle.checks.NewlineAtEndOfFileCheck"/>
<error line="1" column="9" severity="error" message="Name &apos;org.clearTrip.com.TestBooking&apos; must match pattern &apos;^[a-z]+(\.[a-z][a-z0-9]*)*$&apos;." source="com.puppycrawl.tools.checkstyle.checks.naming.PackageNameCheck"/>
<error line="15" column="1" severity="error" message="File contains tab characters (this is the first instance)." source="com.puppycrawl.tools.checkstyle.checks.whitespace.FileTabCharacterCheck"/>
</file>
<file name="C:\Users\chicharles\Documents\GitHub\ClearTrip\src\test\java\org\clearTrip\com\TestBooking\MockingGeolocation.java">
<error line="1" severity="error" message="Expected line ending for file is LF(\n), but CRLF(\r\n) is detected." source="com.puppycrawl.tools.checkstyle.checks.NewlineAtEndOfFileCheck"/>
<error line="1" column="9" severity="error" message="Name &apos;org.clearTrip.com.TestBooking&apos; must match pattern &apos;^[a-z]+(\.[a-z][a-z0-9]*)*$&apos;." source="com.puppycrawl.tools.checkstyle.checks.naming.PackageNameCheck"/>
<error line="14" column="1" severity="error" message="File contains tab characters (this is the first instance)." source="com.puppycrawl.tools.checkstyle.checks.whitespace.FileTabCharacterCheck"/>
</file>
<file name="C:\Users\chicharles\Documents\GitHub\ClearTrip\src\test\java\org\clearTrip\com\TestBooking\TestEnvironment.java">
<error line="1" severity="error" message="Expected line ending for file is LF(\n), but CRLF(\r\n) is detected." source="com.puppycrawl.tools.checkstyle.checks.NewlineAtEndOfFileCheck"/>
<error line="1" column="9" severity="error" message="Name &apos;org.clearTrip.com.TestBooking&apos; must match pattern &apos;^[a-z]+(\.[a-z][a-z0-9]*)*$&apos;." source="com.puppycrawl.tools.checkstyle.checks.naming.PackageNameCheck"/>
<error line="7" column="8" severity="error" message="Unused import - java.util.concurrent.TimeUnit." source="com.puppycrawl.tools.checkstyle.checks.imports.UnusedImportsCheck"/>
<error line="11" column="8" severity="error" message="Unused import - org.openqa.selenium.chromium.ChromiumDriver." source="com.puppycrawl.tools.checkstyle.checks.imports.UnusedImportsCheck"/>
<error line="17" column="8" severity="error" message="Unused import - org.testng.annotations.AfterMethod." source="com.puppycrawl.tools.checkstyle.checks.imports.UnusedImportsCheck"/>
<error line="19" column="8" severity="error" message="Unused import - org.testng.annotations.AfterTest." source="com.puppycrawl.tools.checkstyle.checks.imports.UnusedImportsCheck"/>
<error line="20" column="8" severity="error" message="Unused import - org.testng.annotations.BeforeMethod." source="com.puppycrawl.tools.checkstyle.checks.imports.UnusedImportsCheck"/>
<error line="22" column="8" severity="error" message="Unused import - org.testng.annotations.BeforeTest." source="com.puppycrawl.tools.checkstyle.checks.imports.UnusedImportsCheck"/>
<error line="25" column="8" severity="error" message="Unused import - com.beust.jcommander.Parameter." source="com.puppycrawl.tools.checkstyle.checks.imports.UnusedImportsCheck"/>
<error line="33" column="1" severity="error" message="File contains tab characters (this is the first instance)." source="com.puppycrawl.tools.checkstyle.checks.whitespace.FileTabCharacterCheck"/>
</file>
<file name="C:\Users\chicharles\Documents\GitHub\ClearTrip\src\test\java\org\clearTrip\com\TestBooking\verifyClearTrip.java">
<error line="1" severity="error" message="Expected line ending for file is LF(\n), but CRLF(\r\n) is detected." source="com.puppycrawl.tools.checkstyle.checks.NewlineAtEndOfFileCheck"/>
<error line="1" column="9" severity="error" message="Name &apos;org.clearTrip.com.TestBooking&apos; must match pattern &apos;^[a-z]+(\.[a-z][a-z0-9]*)*$&apos;." source="com.puppycrawl.tools.checkstyle.checks.naming.PackageNameCheck"/>
<error line="10" column="8" severity="error" message="Unused import - java.time.LocalDateTime." source="com.puppycrawl.tools.checkstyle.checks.imports.UnusedImportsCheck"/>
<error line="11" column="8" severity="error" message="Unused import - java.time.format.DateTimeFormatter." source="com.puppycrawl.tools.checkstyle.checks.imports.UnusedImportsCheck"/>
<error line="24" column="1" severity="error" message="File contains tab characters (this is the first instance)." source="com.puppycrawl.tools.checkstyle.checks.whitespace.FileTabCharacterCheck"/>
</file>
<file name="C:\Users\chicharles\Documents\GitHub\ClearTrip\src\main\resources\urls.properties">
<error line="1" severity="error" message="File does not end with a newline." source="com.puppycrawl.tools.checkstyle.checks.NewlineAtEndOfFileCheck"/>
</file>
</checkstyle>
