<?xml version="1.0" encoding="UTF-8"?>
<testng-results skipped="1" failed="1" ignored="0" total="3" passed="1">
  <reporter-output>
  </reporter-output>
  <suite name="Suite" duration-ms="29371" started-at="2021-11-07T18:33:24Z" finished-at="2021-11-07T18:33:53Z">
    <groups>
    </groups>
    <test name="Test" duration-ms="29371" started-at="2021-11-07T18:33:24Z" finished-at="2021-11-07T18:33:53Z">
      <class name="org.clearTrip.com.TestBooking.verifyClearTrip">
        <test-method status="PASS" signature="driverSetup(java.lang.String, java.lang.String, org.testng.ITestContext)[pri:0, instance:org.clearTrip.com.TestBooking.verifyClearTrip@5c18298f]" name="driverSetup" is-config="true" duration-ms="5590" started-at="2021-11-07T18:33:18Z" finished-at="2021-11-07T18:33:24Z">
          <params>
            <param index="0">
              <value>
                <![CDATA[local]]>
              </value>
            </param>
            <param index="1">
              <value>
                <![CDATA[chrome]]>
              </value>
            </param>
            <param index="2">
              <value>
                <![CDATA[org.testng.TestRunner@32a2a6be]]>
              </value>
            </param>
          </params>
          <reporter-output>
          </reporter-output>
        </test-method> <!-- driverSetup -->
        <test-method status="PASS" signature="startApplication()[pri:0, instance:org.clearTrip.com.TestBooking.verifyClearTrip@5c18298f]" name="startApplication" is-config="true" duration-ms="1886" started-at="2021-11-07T18:33:24Z" finished-at="2021-11-07T18:33:26Z">
          <reporter-output>
          </reporter-output>
        </test-method> <!-- startApplication -->
        <test-method status="PASS" signature="verifyClearTripHomePageDefaultsValues(java.lang.reflect.Method)[pri:0, instance:org.clearTrip.com.TestBooking.verifyClearTrip@5c18298f]" name="verifyClearTripHomePageDefaultsValues" duration-ms="1542" started-at="2021-11-07T18:33:26Z" description="Verify Clear Trip Home Page Defaults Values and fileds" finished-at="2021-11-07T18:33:27Z">
          <params>
            <param index="0">
              <value>
                <![CDATA[public void org.clearTrip.com.TestBooking.verifyClearTrip.verifyClearTripHomePageDefaultsValues(java.lang.reflect.Method)]]>
              </value>
            </param>
          </params>
          <reporter-output>
          </reporter-output>
        </test-method> <!-- verifyClearTripHomePageDefaultsValues -->
        <test-method status="SKIP" signature="verifyBookingTickets(java.lang.reflect.Method)[pri:1, instance:org.clearTrip.com.TestBooking.verifyClearTrip@5c18298f]" name="verifyBookingTickets" duration-ms="25663" started-at="2021-11-07T18:33:27Z" description="verify Booking Tickets" finished-at="2021-11-07T18:33:53Z">
          <params>
            <param index="0">
              <value>
                <![CDATA[public void org.clearTrip.com.TestBooking.verifyClearTrip.verifyBookingTickets(java.lang.reflect.Method)]]>
              </value>
            </param>
          </params>
          <exception class="java.lang.AssertionError">
            <message>
              <![CDATA[Verify Results are greater than zero expected [true] but found [false]]]>
            </message>
            <full-stacktrace>
              <![CDATA[java.lang.AssertionError: Verify Results are greater than zero expected [true] but found [false]
at org.testng.Assert.fail(Assert.java:96)
at org.testng.Assert.failNotEquals(Assert.java:776)
at org.testng.Assert.assertTrue(Assert.java:44)
at org.clearTrip.com.TestBooking.verifyClearTrip.verifyBookingTickets(verifyClearTrip.java:136)
at sun.reflect.NativeMethodAccessorImpl.invoke0(Native Method)
at sun.reflect.NativeMethodAccessorImpl.invoke(Unknown Source)
at sun.reflect.DelegatingMethodAccessorImpl.invoke(Unknown Source)
at java.lang.reflect.Method.invoke(Unknown Source)
at org.testng.internal.MethodInvocationHelper.invokeMethod(MethodInvocationHelper.java:124)
at org.testng.internal.Invoker.invokeMethod(Invoker.java:583)
at org.testng.internal.Invoker.invokeTestMethod(Invoker.java:719)
at org.testng.internal.Invoker.invokeTestMethods(Invoker.java:989)
at org.testng.internal.TestMethodWorker.invokeTestMethods(TestMethodWorker.java:125)
at org.testng.internal.TestMethodWorker.run(TestMethodWorker.java:109)
at org.testng.TestRunner.privateRun(TestRunner.java:648)
at org.testng.TestRunner.run(TestRunner.java:505)
at org.testng.SuiteRunner.runTest(SuiteRunner.java:455)
at org.testng.SuiteRunner.runSequentially(SuiteRunner.java:450)
at org.testng.SuiteRunner.privateRun(SuiteRunner.java:415)
at org.testng.SuiteRunner.run(SuiteRunner.java:364)
at org.testng.SuiteRunnerWorker.runSuite(SuiteRunnerWorker.java:52)
at org.testng.SuiteRunnerWorker.run(SuiteRunnerWorker.java:84)
at org.testng.TestNG.runSuitesSequentially(TestNG.java:1208)
at org.testng.TestNG.runSuitesLocally(TestNG.java:1137)
at org.testng.TestNG.runSuites(TestNG.java:1049)
at org.testng.TestNG.run(TestNG.java:1017)
at org.testng.remote.AbstractRemoteTestNG.run(AbstractRemoteTestNG.java:114)
at org.testng.remote.RemoteTestNG.initAndRun(RemoteTestNG.java:251)
at org.testng.remote.RemoteTestNG.main(RemoteTestNG.java:77)
]]>
            </full-stacktrace>
          </exception> <!-- java.lang.AssertionError -->
          <reporter-output>
          </reporter-output>
        </test-method> <!-- verifyBookingTickets -->
        <test-method status="FAIL" signature="verifyBookingTickets(java.lang.reflect.Method)[pri:1, instance:org.clearTrip.com.TestBooking.verifyClearTrip@5c18298f]" name="verifyBookingTickets" duration-ms="2" started-at="2021-11-07T18:33:53Z" description="verify Booking Tickets" finished-at="2021-11-07T18:33:53Z">
          <exception class="java.lang.IllegalArgumentException">
            <message>
              <![CDATA[wrong number of arguments]]>
            </message>
            <full-stacktrace>
              <![CDATA[java.lang.IllegalArgumentException: wrong number of arguments
at sun.reflect.NativeMethodAccessorImpl.invoke0(Native Method)
at sun.reflect.NativeMethodAccessorImpl.invoke(Unknown Source)
at sun.reflect.DelegatingMethodAccessorImpl.invoke(Unknown Source)
at java.lang.reflect.Method.invoke(Unknown Source)
at org.testng.internal.MethodInvocationHelper.invokeMethod(MethodInvocationHelper.java:124)
at org.testng.internal.Invoker.invokeMethod(Invoker.java:583)
at org.testng.internal.Invoker.retryFailed(Invoker.java:839)
at org.testng.internal.Invoker.invokeTestMethods(Invoker.java:1010)
at org.testng.internal.TestMethodWorker.invokeTestMethods(TestMethodWorker.java:125)
at org.testng.internal.TestMethodWorker.run(TestMethodWorker.java:109)
at org.testng.TestRunner.privateRun(TestRunner.java:648)
at org.testng.TestRunner.run(TestRunner.java:505)
at org.testng.SuiteRunner.runTest(SuiteRunner.java:455)
at org.testng.SuiteRunner.runSequentially(SuiteRunner.java:450)
at org.testng.SuiteRunner.privateRun(SuiteRunner.java:415)
at org.testng.SuiteRunner.run(SuiteRunner.java:364)
at org.testng.SuiteRunnerWorker.runSuite(SuiteRunnerWorker.java:52)
at org.testng.SuiteRunnerWorker.run(SuiteRunnerWorker.java:84)
at org.testng.TestNG.runSuitesSequentially(TestNG.java:1208)
at org.testng.TestNG.runSuitesLocally(TestNG.java:1137)
at org.testng.TestNG.runSuites(TestNG.java:1049)
at org.testng.TestNG.run(TestNG.java:1017)
at org.testng.remote.AbstractRemoteTestNG.run(AbstractRemoteTestNG.java:114)
at org.testng.remote.RemoteTestNG.initAndRun(RemoteTestNG.java:251)
at org.testng.remote.RemoteTestNG.main(RemoteTestNG.java:77)
]]>
            </full-stacktrace>
          </exception> <!-- java.lang.IllegalArgumentException -->
          <reporter-output>
          </reporter-output>
        </test-method> <!-- verifyBookingTickets -->
        <test-method status="PASS" signature="driverClose()[pri:0, instance:org.clearTrip.com.TestBooking.verifyClearTrip@5c18298f]" name="driverClose" is-config="true" duration-ms="784" started-at="2021-11-07T18:33:54Z" finished-at="2021-11-07T18:33:55Z">
          <reporter-output>
          </reporter-output>
        </test-method> <!-- driverClose -->
      </class> <!-- org.clearTrip.com.TestBooking.verifyClearTrip -->
    </test> <!-- Test -->
  </suite> <!-- Suite -->
</testng-results>
