<?xml version="1.0" encoding="UTF-8"?>
<!-- Generated by org.testng.reporters.JUnitReportReporter -->
<testsuite skipped="1" hostname="BSC-PF10PQNE" name="org.clearTrip.com.TestBooking.checkNetowkSpeed" tests="3" failures="0" timestamp="12 Nov 2021 06:11:40 GMT" time="0.003" errors="2">
  <testcase name="verifyClearTripHomePageDefaultsValues" time="0.000" classname="org.clearTrip.com.TestBooking.checkNetowkSpeed">
    <skipped/>
  </testcase> <!-- verifyClearTripHomePageDefaultsValues -->
  <testcase name="driverClose" time="0.003" classname="org.clearTrip.com.TestBooking.checkNetowkSpeed">
    <error type="java.lang.NullPointerException">
      <![CDATA[java.lang.NullPointerException
at org.clearTrip.com.TestBooking.TestEnvironment.driverClose(TestEnvironment.java:111)
at sun.reflect.NativeMethodAccessorImpl.invoke0(Native Method)
at sun.reflect.NativeMethodAccessorImpl.invoke(Unknown Source)
at sun.reflect.DelegatingMethodAccessorImpl.invoke(Unknown Source)
at java.lang.reflect.Method.invoke(Unknown Source)
at org.testng.internal.MethodInvocationHelper.invokeMethod(MethodInvocationHelper.java:124)
at org.testng.internal.MethodInvocationHelper.invokeMethodConsideringTimeout(MethodInvocationHelper.java:59)
at org.testng.internal.Invoker.invokeConfigurationMethod(Invoker.java:458)
at org.testng.internal.Invoker.invokeConfigurations(Invoker.java:222)
at org.testng.internal.Invoker.invokeConfigurations(Invoker.java:142)
at org.testng.SuiteRunner.privateRun(SuiteRunner.java:425)
at org.testng.SuiteRunner.run(SuiteRunner.java:364)
at org.testng.SuiteRunnerWorker.runSuite(SuiteRunnerWorker.java:52)
at org.testng.SuiteRunnerWorker.run(SuiteRunnerWorker.java:84)
at org.testng.TestNG.runSuitesSequentially(TestNG.java:1208)
at org.testng.TestNG.runSuitesLocally(TestNG.java:1137)
at org.testng.TestNG.runSuites(TestNG.java:1049)
at org.testng.TestNG.run(TestNG.java:1017)
at org.testng.remote.AbstractRemoteTestNG.run(AbstractRemoteTestNG.java:114)
at org.testng.remote.RemoteTestNG.initAndRun(RemoteTestNG.java:251)
at org.testng.remote.RemoteTestNG.main(RemoteTestNG.java:77)
]]>
    </error>
  </testcase> <!-- driverClose -->
  <testcase name="driverSetup" time="0.000" classname="org.clearTrip.com.TestBooking.checkNetowkSpeed">
    <error type="org.testng.TestNGException" message="
Parameter &#039;runLocation&#039; is required by BeforeSuite on method driverSetup but has not been marked @Optional or defined
in C:\Users\chicharles\AppData\Local\Temp\testng-eclipse-231948874\testng-customsuite.xml">
      <![CDATA[org.testng.TestNGException: 
Parameter 'runLocation' is required by BeforeSuite on method driverSetup but has not been marked @Optional or defined
in C:\Users\chicharles\AppData\Local\Temp\testng-eclipse-231948874\testng-customsuite.xml
at org.testng.internal.Parameters.createParams(Parameters.java:290)
at org.testng.internal.Parameters.createParametersForMethod(Parameters.java:359)
at org.testng.internal.Parameters.createParameters(Parameters.java:620)
at org.testng.internal.Parameters.createConfigurationParameters(Parameters.java:190)
at org.testng.internal.Invoker.invokeConfigurations(Invoker.java:209)
at org.testng.internal.Invoker.invokeConfigurations(Invoker.java:142)
at org.testng.SuiteRunner.privateRun(SuiteRunner.java:401)
at org.testng.SuiteRunner.run(SuiteRunner.java:364)
at org.testng.SuiteRunnerWorker.runSuite(SuiteRunnerWorker.java:52)
at org.testng.SuiteRunnerWorker.run(SuiteRunnerWorker.java:84)
at org.testng.TestNG.runSuitesSequentially(TestNG.java:1208)
at org.testng.TestNG.runSuitesLocally(TestNG.java:1137)
at org.testng.TestNG.runSuites(TestNG.java:1049)
at org.testng.TestNG.run(TestNG.java:1017)
at org.testng.remote.AbstractRemoteTestNG.run(AbstractRemoteTestNG.java:114)
at org.testng.remote.RemoteTestNG.initAndRun(RemoteTestNG.java:251)
at org.testng.remote.RemoteTestNG.main(RemoteTestNG.java:77)
]]>
    </error>
  </testcase> <!-- driverSetup -->
</testsuite> <!-- org.clearTrip.com.TestBooking.checkNetowkSpeed -->
